\BOOKMARK [1][-]{section.1}{\376\377\000I\000n\000t\000r\000o\000d\000u\000c\000t\000i\000o\000n}{}% 1
\BOOKMARK [1][-]{section.2}{\376\377\000T\000h\000e\000o\000r\000y}{}% 2
\BOOKMARK [2][-]{subsection.2.1}{\376\377\000P\000l\000a\000n\000e\000t\000\040\000f\000o\000r\000m\000a\000t\000i\000o\000n\000\040\000a\000n\000d\000\040\000e\000v\000o\000l\000u\000t\000i\000o\000n}{section.2}% 3
\BOOKMARK [2][-]{subsection.2.2}{\376\377\000B\000e\000r\000n\000\040\000m\000o\000d\000e\000l}{section.2}% 4
\BOOKMARK [1][-]{section.3}{\376\377\000G\000o\000a\000l\000\040\000\046\000\040\000M\000e\000t\000h\000o\000d}{}% 5
\BOOKMARK [2][-]{subsection.3.1}{\376\377\000T\000h\000e\000\040\000r\000a\000w\000\040\000d\000a\000t\000a\000s\000e\000t}{section.3}% 6
\BOOKMARK [2][-]{subsection.3.2}{\376\377\000P\000r\000o\000c\000e\000s\000s\000i\000n\000g\000\040\000t\000h\000e\000\040\000d\000a\000t\000a\000s\000e\000t}{section.3}% 7
\BOOKMARK [3][-]{subsubsection.3.2.1}{\376\377\000D\000i\000s\000k\000\040\000f\000e\000a\000t\000u\000r\000e\000s}{subsection.3.2}% 8
\BOOKMARK [3][-]{subsubsection.3.2.2}{\376\377\000P\000l\000a\000n\000e\000t\000\040\000f\000e\000a\000t\000u\000r\000e\000s}{subsection.3.2}% 9
\BOOKMARK [2][-]{subsection.3.3}{\376\377\000T\000h\000e\000\040\000m\000o\000d\000e\000l\000s}{section.3}% 10
\BOOKMARK [2][-]{subsection.3.4}{\376\377\000I\000m\000p\000o\000r\000t\000a\000n\000t\000\040\000f\000e\000a\000t\000u\000r\000e\000s}{section.3}% 11
\BOOKMARK [2][-]{subsection.3.5}{\376\377\000T\000r\000a\000i\000n\000i\000n\000g\000s\000\040\000a\000n\000d\000\040\000t\000e\000s\000t\000s}{section.3}% 12
\BOOKMARK [1][-]{section.4}{\376\377\000R\000e\000s\000u\000l\000t\000s}{}% 13
\BOOKMARK [2][-]{subsection.4.1}{\376\377\000A\000r\000c\000h\000i\000t\000e\000c\000t\000u\000r\000e\000\040\000a\000n\000d\000\040\000p\000a\000r\000a\000m\000e\000t\000e\000r\000s\000\040\000e\000x\000p\000l\000o\000r\000a\000t\000i\000o\000n\000s}{section.4}% 14
\BOOKMARK [3][-]{subsubsection.4.1.1}{\376\377\000l\000r\000\040\000t\000e\000s\000t}{subsection.4.1}% 15
\BOOKMARK [3][-]{subsubsection.4.1.2}{\376\377\000b\000a\000t\000c\000h\000s\000i\000z\000e\000\040\000t\000e\000s\000t}{subsection.4.1}% 16
\BOOKMARK [3][-]{subsubsection.4.1.3}{\376\377\000N\000u\000m\000b\000e\000r\000\040\000o\000f\000\040\000l\000a\000y\000e\000r\000\040\000t\000e\000s\000t\000s}{subsection.4.1}% 17
\BOOKMARK [3][-]{subsubsection.4.1.4}{\376\377\000d\000e\000p\000t\000h\000\040\000t\000e\000s\000t}{subsection.4.1}% 18
\BOOKMARK [2][-]{subsection.4.2}{\376\377\000F\000e\000a\000t\000u\000r\000e\000\040\000i\000m\000p\000o\000r\000t\000a\000n\000c\000e\000s}{section.4}% 19
\BOOKMARK [1][-]{section.5}{\376\377\000C\000o\000n\000c\000l\000u\000s\000i\000o\000n}{}% 20
